# JRE version: OpenJDK Runtime Environment Temurin-17.0.11+9 (17.0.11+9) (build 17.0.11+9)
# Java VM: OpenJDK Client VM Temurin-17.0.11+9 (17.0.11+9, mixed mode, emulated-client, serial gc, windows-x86)
GC Precious Log:
 CPUs: 16 total, 16 available
 Memory: 32674M
 Large Page Support: Disabled
 NUMA Support: Disabled
 Compressed Oops: Disabled
 Heap Min Capacity: 6M
 Heap Initial Capacity: 16M
 Heap Max Capacity: 1536M
 Pre-touch: Disabled
Heap:
 def new generation   total 147584K, used 21064K [0x05200000, 0x0f220000, 0x25200000)
  eden space 131200K,  10% used [0x05200000, 0x05f5ee30, 0x0d220000)
  from space 16384K,  45% used [0x0e220000, 0x0e953538, 0x0f220000)
  to   space 16384K,   0% used [0x0d220000, 0x0d220000, 0x0e220000)
 tenured generation   total 326624K, used 277104K [0x25200000, 0x390f8000, 0x65200000)
   the space 326624K,  84% used [0x25200000, 0x3609c098, 0x3609c200, 0x390f8000)
 Metaspace       used 97099K, committed 97664K, reserved 98304K
GC Heap History (20 events):
Event: 394.976 GC heap before
{Heap before GC invocations=243 (full 7):
 def new generation   total 114368K, used 114368K [0x05200000, 0x0ce10000, 0x25200000)
  eden space 101696K, 100% used [0x05200000, 0x0b550000, 0x0b550000)
  from space 12672K, 100% used [0x0c1b0000, 0x0ce10000, 0x0ce10000)
  to   space 12672K,   0% used [0x0b550000, 0x0b550000, 0x0c1b0000)
 tenured generation   total 252060K, used 231060K [0x25200000, 0x34827000, 0x65200000)
   the space 252060K,  91% used [0x25200000, 0x333a5130, 0x333a5200, 0x34827000)
 Metaspace       used 90961K, committed 91584K, reserved 98304K
}
Event: 395.049 GC heap after
{Heap after GC invocations=244 (full 7):
 def new generation   total 114368K, used 12672K [0x05200000, 0x0ce10000, 0x25200000)
  eden space 101696K,   0% used [0x05200000, 0x05200000, 0x0b550000)
  from space 12672K, 100% used [0x0b550000, 0x0c1b0000, 0x0c1b0000)
  to   space 12672K,   0% used [0x0c1b0000, 0x0c1b0000, 0x0ce10000)
 tenured generation   total 252060K, used 251470K [0x25200000, 0x34827000, 0x65200000)
   the space 252060K,  99% used [0x25200000, 0x34793bf8, 0x34793c00, 0x34827000)
 Metaspace       used 90961K, committed 91584K, reserved 98304K
}
Event: 395.253 GC heap before
{Heap before GC invocations=244 (full 7):
 def new generation   total 114368K, used 114368K [0x05200000, 0x0ce10000, 0x25200000)
  eden space 101696K, 100% used [0x05200000, 0x0b550000, 0x0b550000)
  from space 12672K, 100% used [0x0b550000, 0x0c1b0000, 0x0c1b0000)
  to   space 12672K,   0% used [0x0c1b0000, 0x0c1b0000, 0x0ce10000)
 tenured generation   total 252060K, used 251470K [0x25200000, 0x34827000, 0x65200000)
   the space 252060K,  99% used [0x25200000, 0x34793bf8, 0x34793c00, 0x34827000)
 Metaspace       used 90990K, committed 91648K, reserved 98304K
}
Event: 395.333 GC heap after
{Heap after GC invocations=245 (full 7):
 def new generation   total 114368K, used 12671K [0x05200000, 0x0ce10000, 0x25200000)
  eden space 101696K,   0% used [0x05200000, 0x05200000, 0x0b550000)
  from space 12672K,  99% used [0x0c1b0000, 0x0ce0fff8, 0x0ce10000)
  to   space 12672K,   0% used [0x0b550000, 0x0b550000, 0x0c1b0000)
 tenured generation   total 275620K, used 275542K [0x25200000, 0x35f29000, 0x65200000)
   the space 275620K,  99% used [0x25200000, 0x35f15a10, 0x35f15c00, 0x35f29000)
 Metaspace       used 90990K, committed 91648K, reserved 98304K
}
Event: 395.333 GC heap before
{Heap before GC invocations=245 (full 7):
 def new generation   total 114368K, used 12671K [0x05200000, 0x0ce10000, 0x25200000)
  eden space 101696K,   0% used [0x05200000, 0x05200000, 0x0b550000)
  from space 12672K,  99% used [0x0c1b0000, 0x0ce0fff8, 0x0ce10000)
  to   space 12672K,   0% used [0x0b550000, 0x0b550000, 0x0c1b0000)
 tenured generation   total 275620K, used 275542K [0x25200000, 0x35f29000, 0x65200000)
   the space 275620K,  99% used [0x25200000, 0x35f15a10, 0x35f15c00, 0x35f29000)
 Metaspace       used 90990K, committed 91648K, reserved 98304K
}
Event: 395.602 GC heap after
{Heap after GC invocations=245 (full 8):
 def new generation   total 147584K, used 0K [0x05200000, 0x0f220000, 0x25200000)
  eden space 131200K,   0% used [0x05200000, 0x05200000, 0x0d220000)
  from space 16384K,   0% used [0x0d220000, 0x0d220000, 0x0e220000)
  to   space 16384K,   0% used [0x0e220000, 0x0e220000, 0x0f220000)
 tenured generation   total 326624K, used 195973K [0x25200000, 0x390f8000, 0x65200000)
   the space 326624K,  59% used [0x25200000, 0x311617c8, 0x31161800, 0x390f8000)
 Metaspace       used 90628K, committed 91648K, reserved 98304K
}
Event: 395.901 GC heap before
{Heap before GC invocations=245 (full 8):
 def new generation   total 147584K, used 131200K [0x05200000, 0x0f220000, 0x25200000)
  eden space 131200K, 100% used [0x05200000, 0x0d220000, 0x0d220000)
  from space 16384K,   0% used [0x0d220000, 0x0d220000, 0x0e220000)
  to   space 16384K,   0% used [0x0e220000, 0x0e220000, 0x0f220000)
 tenured generation   total 326624K, used 195973K [0x25200000, 0x390f8000, 0x65200000)
   the space 326624K,  59% used [0x25200000, 0x311617c8, 0x31161800, 0x390f8000)
 Metaspace       used 90628K, committed 91648K, reserved 98304K
}
Event: 395.974 GC heap after
{Heap after GC invocations=246 (full 8):
 def new generation   total 147584K, used 16383K [0x05200000, 0x0f220000, 0x25200000)
  eden space 131200K,   0% used [0x05200000, 0x05200000, 0x0d220000)
  from space 16384K,  99% used [0x0e220000, 0x0f21fff8, 0x0f220000)
  to   space 16384K,   0% used [0x0d220000, 0x0d220000, 0x0e220000)
 tenured generation   total 326624K, used 210035K [0x25200000, 0x390f8000, 0x65200000)
   the space 326624K,  64% used [0x25200000, 0x31f1cd18, 0x31f1ce00, 0x390f8000)
 Metaspace       used 90628K, committed 91648K, reserved 98304K
}
Event: 396.230 GC heap before
{Heap before GC invocations=246 (full 8):
 def new generation   total 147584K, used 147583K [0x05200000, 0x0f220000, 0x25200000)
  eden space 131200K, 100% used [0x05200000, 0x0d220000, 0x0d220000)
  from space 16384K,  99% used [0x0e220000, 0x0f21fff8, 0x0f220000)
  to   space 16384K,   0% used [0x0d220000, 0x0d220000, 0x0e220000)
 tenured generation   total 326624K, used 210035K [0x25200000, 0x390f8000, 0x65200000)
   the space 326624K,  64% used [0x25200000, 0x31f1cd18, 0x31f1ce00, 0x390f8000)
 Metaspace       used 92141K, committed 92608K, reserved 98304K
}
Event: 396.273 GC heap after
{Heap after GC invocations=247 (full 8):
 def new generation   total 147584K, used 7731K [0x05200000, 0x0f220000, 0x25200000)
  eden space 131200K,   0% used [0x05200000, 0x05200000, 0x0d220000)
  from space 16384K,  47% used [0x0d220000, 0x0d9acd10, 0x0e220000)
  to   space 16384K,   0% used [0x0e220000, 0x0e220000, 0x0f220000)
 tenured generation   total 326624K, used 226285K [0x25200000, 0x390f8000, 0x65200000)
   the space 326624K,  69% used [0x25200000, 0x32efb438, 0x32efb600, 0x390f8000)
 Metaspace       used 92141K, committed 92608K, reserved 98304K
}
Event: 396.541 GC heap before
{Heap before GC invocations=247 (full 8):
 def new generation   total 147584K, used 137792K [0x05200000, 0x0f220000, 0x25200000)
  eden space 131200K,  99% used [0x05200000, 0x0d1033f0, 0x0d220000)
  from space 16384K,  47% used [0x0d220000, 0x0d9acd10, 0x0e220000)
  to   space 16384K,   0% used [0x0e220000, 0x0e220000, 0x0f220000)
 tenured generation   total 326624K, used 226285K [0x25200000, 0x390f8000, 0x65200000)
   the space 326624K,  69% used [0x25200000, 0x32efb438, 0x32efb600, 0x390f8000)
 Metaspace       used 93562K, committed 94080K, reserved 98304K
}
Event: 396.554 GC heap after
{Heap after GC invocations=248 (full 8):
 def new generation   total 147584K, used 13040K [0x05200000, 0x0f220000, 0x25200000)
  eden space 131200K,   0% used [0x05200000, 0x05200000, 0x0d220000)
  from space 16384K,  79% used [0x0e220000, 0x0eedc1a0, 0x0f220000)
  to   space 16384K,   0% used [0x0d220000, 0x0d220000, 0x0e220000)
 tenured generation   total 326624K, used 226285K [0x25200000, 0x390f8000, 0x65200000)
   the space 326624K,  69% used [0x25200000, 0x32efb438, 0x32efb600, 0x390f8000)
 Metaspace       used 93562K, committed 94080K, reserved 98304K
}
Event: 397.037 GC heap before
{Heap before GC invocations=248 (full 8):
 def new generation   total 147584K, used 144240K [0x05200000, 0x0f220000, 0x25200000)
  eden space 131200K, 100% used [0x05200000, 0x0d220000, 0x0d220000)
  from space 16384K,  79% used [0x0e220000, 0x0eedc1a0, 0x0f220000)
  to   space 16384K,   0% used [0x0d220000, 0x0d220000, 0x0e220000)
 tenured generation   total 326624K, used 226285K [0x25200000, 0x390f8000, 0x65200000)
   the space 326624K,  69% used [0x25200000, 0x32efb438, 0x32efb600, 0x390f8000)
 Metaspace       used 94547K, committed 95040K, reserved 98304K
}
Event: 397.074 GC heap after
{Heap after GC invocations=249 (full 8):
 def new generation   total 147584K, used 15257K [0x05200000, 0x0f220000, 0x25200000)
  eden space 131200K,   0% used [0x05200000, 0x05200000, 0x0d220000)
  from space 16384K,  93% used [0x0d220000, 0x0e106408, 0x0e220000)
  to   space 16384K,   0% used [0x0e220000, 0x0e220000, 0x0f220000)
 tenured generation   total 326624K, used 239260K [0x25200000, 0x390f8000, 0x65200000)
   the space 326624K,  73% used [0x25200000, 0x33ba7180, 0x33ba7200, 0x390f8000)
 Metaspace       used 94547K, committed 95040K, reserved 98304K
}
Event: 397.445 GC heap before
{Heap before GC invocations=249 (full 8):
 def new generation   total 147584K, used 146457K [0x05200000, 0x0f220000, 0x25200000)
  eden space 131200K, 100% used [0x05200000, 0x0d220000, 0x0d220000)
  from space 16384K,  93% used [0x0d220000, 0x0e106408, 0x0e220000)
  to   space 16384K,   0% used [0x0e220000, 0x0e220000, 0x0f220000)
 tenured generation   total 326624K, used 239260K [0x25200000, 0x390f8000, 0x65200000)
   the space 326624K,  73% used [0x25200000, 0x33ba7180, 0x33ba7200, 0x390f8000)
 Metaspace       used 94558K, committed 95040K, reserved 98304K
}
Event: 397.481 GC heap after
{Heap after GC invocations=250 (full 8):
 def new generation   total 147584K, used 12801K [0x05200000, 0x0f220000, 0x25200000)
  eden space 131200K,   0% used [0x05200000, 0x05200000, 0x0d220000)
  from space 16384K,  78% used [0x0e220000, 0x0eea0488, 0x0f220000)
  to   space 16384K,   0% used [0x0d220000, 0x0d220000, 0x0e220000)
 tenured generation   total 326624K, used 253940K [0x25200000, 0x390f8000, 0x65200000)
   the space 326624K,  77% used [0x25200000, 0x349fd390, 0x349fd400, 0x390f8000)
 Metaspace       used 94558K, committed 95040K, reserved 98304K
}
Event: 397.923 GC heap before
{Heap before GC invocations=250 (full 8):
 def new generation   total 147584K, used 144001K [0x05200000, 0x0f220000, 0x25200000)
  eden space 131200K, 100% used [0x05200000, 0x0d220000, 0x0d220000)
  from space 16384K,  78% used [0x0e220000, 0x0eea0488, 0x0f220000)
  to   space 16384K,   0% used [0x0d220000, 0x0d220000, 0x0e220000)
 tenured generation   total 326624K, used 253940K [0x25200000, 0x390f8000, 0x65200000)
   the space 326624K,  77% used [0x25200000, 0x349fd390, 0x349fd400, 0x390f8000)
 Metaspace       used 96585K, committed 97152K, reserved 98304K
}
Event: 397.960 GC heap after
{Heap after GC invocations=251 (full 8):
 def new generation   total 147584K, used 13664K [0x05200000, 0x0f220000, 0x25200000)
  eden space 131200K,   0% used [0x05200000, 0x05200000, 0x0d220000)
  from space 16384K,  83% used [0x0d220000, 0x0df78058, 0x0e220000)
  to   space 16384K,   0% used [0x0e220000, 0x0e220000, 0x0f220000)
 tenured generation   total 326624K, used 266321K [0x25200000, 0x390f8000, 0x65200000)
   the space 326624K,  81% used [0x25200000, 0x35614610, 0x35614800, 0x390f8000)
 Metaspace       used 96585K, committed 97152K, reserved 98304K
}
Event: 398.393 GC heap before
{Heap before GC invocations=251 (full 8):
 def new generation   total 147584K, used 144864K [0x05200000, 0x0f220000, 0x25200000)
  eden space 131200K, 100% used [0x05200000, 0x0d220000, 0x0d220000)
  from space 16384K,  83% used [0x0d220000, 0x0df78058, 0x0e220000)
  to   space 16384K,   0% used [0x0e220000, 0x0e220000, 0x0f220000)
 tenured generation   total 326624K, used 266321K [0x25200000, 0x390f8000, 0x65200000)
   the space 326624K,  81% used [0x25200000, 0x35614610, 0x35614800, 0x390f8000)
 Metaspace       used 96767K, committed 97344K, reserved 98304K
}
Event: 398.418 GC heap after
{Heap after GC invocations=252 (full 8):
 def new generation   total 147584K, used 7373K [0x05200000, 0x0f220000, 0x25200000)
  eden space 131200K,   0% used [0x05200000, 0x05200000, 0x0d220000)
  from space 16384K,  45% used [0x0e220000, 0x0e953538, 0x0f220000)
  to   space 16384K,   0% used [0x0d220000, 0x0d220000, 0x0e220000)
 tenured generation   total 326624K, used 277104K [0x25200000, 0x390f8000, 0x65200000)
   the space 326624K,  84% used [0x25200000, 0x3609c098, 0x3609c200, 0x390f8000)
 Metaspace       used 96767K, committed 97344K, reserved 98304K
}

